Start testing: Mar 18 01:40 +00
----------------------------------------------------------
50/75 Testing: asset_test_basic
50/75 Test: asset_test_basic
Command: "/home/karl/Projects/LGX/build/test_asset_basic"
Directory: /home/karl/Projects/LGX/build
"asset_test_basic" start time: Mar 18 01:40 +00
Output:
----------------------------------------------------------

═══════════════════════════════════════════════════════════
  LGX Asset Pipeline v2.1 — Basic Tests
═══════════════════════════════════════════════════════════

  [01] Manager create/destroy (NULL config)              [LGX ASSET] Manager created: max_assets=1024, max_paths=16, inotify=enabled
[LGX ASSET] Manager destroyed
PASS
  [02] Manager create with explicit config               [LGX ASSET] Manager created: max_assets=256, max_paths=8, inotify=enabled
[LGX ASSET] Manager destroyed
PASS
  [03] Destroy NULL is safe                              PASS
  [04] Functions with NULL return error                  PASS
  [05] Add search path                                   [LGX ASSET] Manager created: max_assets=1024, max_paths=16, inotify=enabled
[LGX ASSET] Search path added: /tmp
[LGX ASSET] Manager destroyed
PASS
  [06] Load file from disk                               [LGX ASSET] Manager created: max_assets=1024, max_paths=16, inotify=enabled
[LGX ASSET] Manager destroyed
PASS
  [07] Load nonexistent file returns error state         [LGX ASSET] Manager created: max_assets=1024, max_paths=16, inotify=enabled
[LGX ASSET] Not found: /no/such/file.bin
[LGX ASSET] Manager destroyed
PASS
  [08] Unload frees data                                 [LGX ASSET] Manager created: max_assets=1024, max_paths=16, inotify=enabled
[LGX ASSET] Manager destroyed
PASS
  [09] Reload reloads from disk                          [LGX ASSET] Manager created: max_assets=1024, max_paths=16, inotify=enabled
[LGX ASSET] Manager destroyed
PASS
  [10] Compress/decompress round-trip                    PASS
  [11] Compress all-zero data (high compression)         PASS
  [12] Compress random-like data (still decompresses)    PASS
  [13] Multiple search paths (priority order)            [LGX ASSET] Manager created: max_assets=1024, max_paths=16, inotify=enabled
[LGX ASSET] Search path added: /nonexistent
[LGX ASSET] Search path added: /tmp
[LGX ASSET] Manager destroyed
PASS

───────────────────────────────────────────────────────────
  Results: 13/13 passed
───────────────────────────────────────────────────────────

<end of output>
Test time =   0.03 sec
----------------------------------------------------------
Test Passed.
"asset_test_basic" end time: Mar 18 01:40 +00
"asset_test_basic" time elapsed: 00:00:00
----------------------------------------------------------

End testing: Mar 18 01:40 +00

asset =   0.03 sec*proc

