Start testing: Mar 18 02:08 +00
----------------------------------------------------------
53/76 Testing: test_threading_stress
53/76 Test: test_threading_stress
Command: "/home/karl/Projects/LGX/build/test_threading_stress"
Directory: /home/karl/Projects/LGX/build
"test_threading_stress" start time: Mar 18 02:08 +00
Output:
----------------------------------------------------------
LGX Threading Module — Stress Tests
====================================

  [STRESS] 500_jobs_in_waves_all_complete                          PASS
  [STRESS] pool_stats_match_job_count                              PASS
  [STRESS] mpmc_4P_4C_40K_items                                    PASS
  [STRESS] spsc_1P_1C_100K_items                                   PASS
  [STRESS] mutex_8T_80K_increments_exact                           PASS
  [STRESS] spinlock_8T_80K_increments_exact                        PASS
  [STRESS] rwlock_6R_2W_concurrent                                 PASS
  [STRESS] barrier_8T_100_phases                                   PASS
  [STRESS] semaphore_bounded_buffer_1P_1C                          PASS
  [STRESS] job_parent_child_fan_out                                PASS

====================================
Results: 10/10 passed
<end of output>
Test time =   0.08 sec
----------------------------------------------------------
Test Passed.
"test_threading_stress" end time: Mar 18 02:08 +00
"test_threading_stress" time elapsed: 00:00:00
----------------------------------------------------------

End testing: Mar 18 02:08 +00

threading =   0.08 sec*proc

